{"D:\\work_REACT\\movie-database\\src\\assets\\helpers.tsx": {"path":"D:\\work_REACT\\movie-database\\src\\assets\\helpers.tsx","statementMap":{"0":{"start":{"line":15,"column":63},"end":{"line":17,"column":1}},"1":{"start":{"line":16,"column":2},"end":{"line":16,"column":41}},"2":{"start":{"line":25,"column":22},"end":{"line":30,"column":1}},"3":{"start":{"line":26,"column":2},"end":{"line":29,"column":6}},"4":{"start":{"line":38,"column":61},"end":{"line":53,"column":1}},"5":{"start":{"line":39,"column":2},"end":{"line":52,"column":3}},"6":{"start":{"line":61,"column":20},"end":{"line":63,"column":1}},"7":{"start":{"line":62,"column":2},"end":{"line":62,"column":38}},"8":{"start":{"line":71,"column":35},"end":{"line":74,"column":1}},"9":{"start":{"line":72,"column":26},"end":{"line":72,"column":110}},"10":{"start":{"line":72,"column":82},"end":{"line":72,"column":109}},"11":{"start":{"line":73,"column":2},"end":{"line":73,"column":72}},"12":{"start":{"line":73,"column":40},"end":{"line":73,"column":59}}},"fnMap":{"0":{"name":"(anonymous_0)","decl":{"start":{"line":15,"column":63},"end":{"line":15,"column":64}},"loc":{"start":{"line":15,"column":80},"end":{"line":17,"column":1}},"line":15},"1":{"name":"(anonymous_1)","decl":{"start":{"line":25,"column":22},"end":{"line":25,"column":23}},"loc":{"start":{"line":25,"column":59},"end":{"line":30,"column":1}},"line":25},"2":{"name":"(anonymous_2)","decl":{"start":{"line":38,"column":61},"end":{"line":38,"column":62}},"loc":{"start":{"line":38,"column":71},"end":{"line":53,"column":1}},"line":38},"3":{"name":"(anonymous_3)","decl":{"start":{"line":61,"column":20},"end":{"line":61,"column":21}},"loc":{"start":{"line":61,"column":39},"end":{"line":63,"column":1}},"line":61},"4":{"name":"(anonymous_4)","decl":{"start":{"line":71,"column":35},"end":{"line":71,"column":36}},"loc":{"start":{"line":71,"column":56},"end":{"line":74,"column":1}},"line":71},"5":{"name":"(anonymous_5)","decl":{"start":{"line":72,"column":71},"end":{"line":72,"column":72}},"loc":{"start":{"line":72,"column":82},"end":{"line":72,"column":109}},"line":72},"6":{"name":"(anonymous_6)","decl":{"start":{"line":73,"column":32},"end":{"line":73,"column":33}},"loc":{"start":{"line":73,"column":40},"end":{"line":73,"column":59}},"line":73}},"branchMap":{"0":{"loc":{"start":{"line":16,"column":9},"end":{"line":16,"column":40}},"type":"cond-expr","locations":[{"start":{"line":16,"column":23},"end":{"line":16,"column":30}},{"start":{"line":16,"column":33},"end":{"line":16,"column":40}}],"line":16},"1":{"loc":{"start":{"line":27,"column":5},"end":{"line":27,"column":95}},"type":"binary-expr","locations":[{"start":{"line":27,"column":5},"end":{"line":27,"column":10}},{"start":{"line":27,"column":14},"end":{"line":27,"column":95}}],"line":27},"2":{"loc":{"start":{"line":41,"column":11},"end":{"line":41,"column":66}},"type":"cond-expr","locations":[{"start":{"line":41,"column":51},"end":{"line":41,"column":61}},{"start":{"line":41,"column":64},"end":{"line":41,"column":66}}],"line":41},"3":{"loc":{"start":{"line":41,"column":11},"end":{"line":41,"column":48}},"type":"binary-expr","locations":[{"start":{"line":41,"column":11},"end":{"line":41,"column":21}},{"start":{"line":41,"column":25},"end":{"line":41,"column":48}}],"line":41},"4":{"loc":{"start":{"line":42,"column":10},"end":{"line":42,"column":62}},"type":"cond-expr","locations":[{"start":{"line":42,"column":48},"end":{"line":42,"column":57}},{"start":{"line":42,"column":60},"end":{"line":42,"column":62}}],"line":42},"5":{"loc":{"start":{"line":42,"column":10},"end":{"line":42,"column":45}},"type":"binary-expr","locations":[{"start":{"line":42,"column":10},"end":{"line":42,"column":19}},{"start":{"line":42,"column":23},"end":{"line":42,"column":45}}],"line":42},"6":{"loc":{"start":{"line":43,"column":11},"end":{"line":43,"column":69}},"type":"cond-expr","locations":[{"start":{"line":43,"column":53},"end":{"line":43,"column":64}},{"start":{"line":43,"column":67},"end":{"line":43,"column":69}}],"line":43},"7":{"loc":{"start":{"line":43,"column":11},"end":{"line":43,"column":50}},"type":"binary-expr","locations":[{"start":{"line":43,"column":11},"end":{"line":43,"column":22}},{"start":{"line":43,"column":26},"end":{"line":43,"column":50}}],"line":43},"8":{"loc":{"start":{"line":44,"column":12},"end":{"line":44,"column":70}},"type":"cond-expr","locations":[{"start":{"line":44,"column":54},"end":{"line":44,"column":65}},{"start":{"line":44,"column":68},"end":{"line":44,"column":70}}],"line":44},"9":{"loc":{"start":{"line":44,"column":12},"end":{"line":44,"column":51}},"type":"binary-expr","locations":[{"start":{"line":44,"column":12},"end":{"line":44,"column":23}},{"start":{"line":44,"column":27},"end":{"line":44,"column":51}}],"line":44},"10":{"loc":{"start":{"line":45,"column":11},"end":{"line":45,"column":66}},"type":"cond-expr","locations":[{"start":{"line":45,"column":51},"end":{"line":45,"column":61}},{"start":{"line":45,"column":64},"end":{"line":45,"column":66}}],"line":45},"11":{"loc":{"start":{"line":45,"column":11},"end":{"line":45,"column":48}},"type":"binary-expr","locations":[{"start":{"line":45,"column":11},"end":{"line":45,"column":21}},{"start":{"line":45,"column":25},"end":{"line":45,"column":48}}],"line":45},"12":{"loc":{"start":{"line":46,"column":13},"end":{"line":46,"column":74}},"type":"cond-expr","locations":[{"start":{"line":46,"column":57},"end":{"line":46,"column":69}},{"start":{"line":46,"column":72},"end":{"line":46,"column":74}}],"line":46},"13":{"loc":{"start":{"line":46,"column":13},"end":{"line":46,"column":54}},"type":"binary-expr","locations":[{"start":{"line":46,"column":13},"end":{"line":46,"column":25}},{"start":{"line":46,"column":29},"end":{"line":46,"column":54}}],"line":46},"14":{"loc":{"start":{"line":47,"column":14},"end":{"line":47,"column":78}},"type":"cond-expr","locations":[{"start":{"line":47,"column":60},"end":{"line":47,"column":73}},{"start":{"line":47,"column":76},"end":{"line":47,"column":78}}],"line":47},"15":{"loc":{"start":{"line":47,"column":14},"end":{"line":47,"column":57}},"type":"binary-expr","locations":[{"start":{"line":47,"column":14},"end":{"line":47,"column":27}},{"start":{"line":47,"column":31},"end":{"line":47,"column":57}}],"line":47},"16":{"loc":{"start":{"line":48,"column":12},"end":{"line":48,"column":70}},"type":"cond-expr","locations":[{"start":{"line":48,"column":54},"end":{"line":48,"column":65}},{"start":{"line":48,"column":68},"end":{"line":48,"column":70}}],"line":48},"17":{"loc":{"start":{"line":48,"column":12},"end":{"line":48,"column":51}},"type":"binary-expr","locations":[{"start":{"line":48,"column":12},"end":{"line":48,"column":23}},{"start":{"line":48,"column":27},"end":{"line":48,"column":51}}],"line":48},"18":{"loc":{"start":{"line":49,"column":14},"end":{"line":49,"column":78}},"type":"cond-expr","locations":[{"start":{"line":49,"column":60},"end":{"line":49,"column":73}},{"start":{"line":49,"column":76},"end":{"line":49,"column":78}}],"line":49},"19":{"loc":{"start":{"line":49,"column":14},"end":{"line":49,"column":57}},"type":"binary-expr","locations":[{"start":{"line":49,"column":14},"end":{"line":49,"column":27}},{"start":{"line":49,"column":31},"end":{"line":49,"column":57}}],"line":49},"20":{"loc":{"start":{"line":50,"column":10},"end":{"line":50,"column":66}},"type":"cond-expr","locations":[{"start":{"line":50,"column":52},"end":{"line":50,"column":61}},{"start":{"line":50,"column":64},"end":{"line":50,"column":66}}],"line":50},"21":{"loc":{"start":{"line":50,"column":10},"end":{"line":50,"column":49}},"type":"binary-expr","locations":[{"start":{"line":50,"column":10},"end":{"line":50,"column":23}},{"start":{"line":50,"column":27},"end":{"line":50,"column":49}}],"line":50}},"s":{"0":2,"1":0,"2":2,"3":0,"4":2,"5":0,"6":2,"7":0,"8":2,"9":0,"10":0,"11":0,"12":0},"f":{"0":0,"1":0,"2":0,"3":0,"4":0,"5":0,"6":0},"b":{"0":[0,0],"1":[0,0],"2":[0,0],"3":[0,0],"4":[0,0],"5":[0,0],"6":[0,0],"7":[0,0],"8":[0,0],"9":[0,0],"10":[0,0],"11":[0,0],"12":[0,0],"13":[0,0],"14":[0,0],"15":[0,0],"16":[0,0],"17":[0,0],"18":[0,0],"19":[0,0],"20":[0,0],"21":[0,0]},"_coverageSchema":"1a1c01bbd47fc00a2c39e90264f33305004495a9","hash":"dc54e04142132b6a299009cbe7e436bcb2151f3f"}
,"D:\\work_REACT\\movie-database\\src\\assets\\test-utils.tsx": {"path":"D:\\work_REACT\\movie-database\\src\\assets\\test-utils.tsx","statementMap":{"0":{"start":{"line":27,"column":8},"end":{"line":27,"column":60}},"1":{"start":{"line":31,"column":4},"end":{"line":31,"column":75}}},"fnMap":{"0":{"name":"renderWithProviders","decl":{"start":{"line":17,"column":16},"end":{"line":17,"column":35}},"loc":{"start":{"line":25,"column":2},"end":{"line":32,"column":1}},"line":25},"1":{"name":"Wrapper","decl":{"start":{"line":26,"column":13},"end":{"line":26,"column":20}},"loc":{"start":{"line":26,"column":71},"end":{"line":28,"column":5}},"line":26}},"branchMap":{"0":{"loc":{"start":{"line":19,"column":4},"end":{"line":24,"column":33}},"type":"default-arg","locations":[{"start":{"line":24,"column":31},"end":{"line":24,"column":33}}],"line":19},"1":{"loc":{"start":{"line":20,"column":8},"end":{"line":20,"column":27}},"type":"default-arg","locations":[{"start":{"line":20,"column":25},"end":{"line":20,"column":27}}],"line":20},"2":{"loc":{"start":{"line":22,"column":8},"end":{"line":22,"column":42}},"type":"default-arg","locations":[{"start":{"line":22,"column":16},"end":{"line":22,"column":42}}],"line":22}},"s":{"0":4,"1":4},"f":{"0":4,"1":4},"b":{"0":[1],"1":[3],"2":[4]},"_coverageSchema":"1a1c01bbd47fc00a2c39e90264f33305004495a9","hash":"ca5dccdcbf84be6a78d6c057c848099a12566804"}
,"D:\\work_REACT\\movie-database\\src\\components\\Header.tsx": {"path":"D:\\work_REACT\\movie-database\\src\\components\\Header.tsx","statementMap":{"0":{"start":{"line":16,"column":49},"end":{"line":39,"column":1}},"1":{"start":{"line":17,"column":16},"end":{"line":17,"column":26}},"2":{"start":{"line":18,"column":26},"end":{"line":18,"column":110}},"3":{"start":{"line":18,"column":82},"end":{"line":18,"column":109}},"4":{"start":{"line":20,"column":2},"end":{"line":38,"column":3}}},"fnMap":{"0":{"name":"(anonymous_0)","decl":{"start":{"line":16,"column":49},"end":{"line":16,"column":50}},"loc":{"start":{"line":16,"column":75},"end":{"line":39,"column":1}},"line":16},"1":{"name":"(anonymous_1)","decl":{"start":{"line":18,"column":71},"end":{"line":18,"column":72}},"loc":{"start":{"line":18,"column":82},"end":{"line":18,"column":109}},"line":18}},"branchMap":{"0":{"loc":{"start":{"line":16,"column":52},"end":{"line":16,"column":68}},"type":"default-arg","locations":[{"start":{"line":16,"column":63},"end":{"line":16,"column":68}}],"line":16},"1":{"loc":{"start":{"line":33,"column":11},"end":{"line":33,"column":162}},"type":"binary-expr","locations":[{"start":{"line":33,"column":11},"end":{"line":33,"column":37}},{"start":{"line":33,"column":41},"end":{"line":33,"column":162}}],"line":33},"2":{"loc":{"start":{"line":34,"column":11},"end":{"line":34,"column":123}},"type":"binary-expr","locations":[{"start":{"line":34,"column":11},"end":{"line":34,"column":20}},{"start":{"line":34,"column":24},"end":{"line":34,"column":123}}],"line":34}},"s":{"0":1,"1":2,"2":2,"3":2,"4":2},"f":{"0":2,"1":2},"b":{"0":[2],"1":[2,0],"2":[2,2]},"_coverageSchema":"1a1c01bbd47fc00a2c39e90264f33305004495a9","hash":"245cffb3e5021d10ae19a81269a965b3e137ebd0"}
,"D:\\work_REACT\\movie-database\\src\\components\\favourites\\Favourites.tsx": {"path":"D:\\work_REACT\\movie-database\\src\\components\\favourites\\Favourites.tsx","statementMap":{"0":{"start":{"line":17,"column":29},"end":{"line":35,"column":1}},"1":{"start":{"line":18,"column":16},"end":{"line":18,"column":26}},"2":{"start":{"line":19,"column":13},"end":{"line":19,"column":50}},"3":{"start":{"line":20,"column":26},"end":{"line":20,"column":110}},"4":{"start":{"line":20,"column":82},"end":{"line":20,"column":109}},"5":{"start":{"line":22,"column":2},"end":{"line":34,"column":3}}},"fnMap":{"0":{"name":"(anonymous_0)","decl":{"start":{"line":17,"column":29},"end":{"line":17,"column":30}},"loc":{"start":{"line":17,"column":35},"end":{"line":35,"column":1}},"line":17},"1":{"name":"(anonymous_1)","decl":{"start":{"line":20,"column":71},"end":{"line":20,"column":72}},"loc":{"start":{"line":20,"column":82},"end":{"line":20,"column":109}},"line":20}},"branchMap":{"0":{"loc":{"start":{"line":28,"column":9},"end":{"line":30,"column":55}},"type":"cond-expr","locations":[{"start":{"line":29,"column":12},"end":{"line":29,"column":51}},{"start":{"line":30,"column":12},"end":{"line":30,"column":55}}],"line":28}},"s":{"0":0,"1":0,"2":0,"3":0,"4":0,"5":0},"f":{"0":0,"1":0},"b":{"0":[0,0]}}
,"D:\\work_REACT\\movie-database\\src\\components\\movie-search\\MovieSearch.tsx": {"path":"D:\\work_REACT\\movie-database\\src\\components\\movie-search\\MovieSearch.tsx","statementMap":{"0":{"start":{"line":17,"column":30},"end":{"line":42,"column":1}},"1":{"start":{"line":18,"column":19},"end":{"line":18,"column":32}},"2":{"start":{"line":19,"column":13},"end":{"line":19,"column":50}},"3":{"start":{"line":20,"column":25},"end":{"line":20,"column":103}},"4":{"start":{"line":20,"column":76},"end":{"line":20,"column":102}},"5":{"start":{"line":22,"column":2},"end":{"line":30,"column":9}},"6":{"start":{"line":23,"column":24},"end":{"line":26,"column":5}},"7":{"start":{"line":24,"column":6},"end":{"line":24,"column":24}},"8":{"start":{"line":25,"column":6},"end":{"line":25,"column":50}},"9":{"start":{"line":27,"column":4},"end":{"line":27,"column":56}},"10":{"start":{"line":28,"column":4},"end":{"line":28,"column":57}},"11":{"start":{"line":28,"column":24},"end":{"line":28,"column":57}},"12":{"start":{"line":32,"column":2},"end":{"line":41,"column":3}}},"fnMap":{"0":{"name":"(anonymous_0)","decl":{"start":{"line":17,"column":30},"end":{"line":17,"column":31}},"loc":{"start":{"line":17,"column":36},"end":{"line":42,"column":1}},"line":17},"1":{"name":"(anonymous_1)","decl":{"start":{"line":20,"column":65},"end":{"line":20,"column":66}},"loc":{"start":{"line":20,"column":76},"end":{"line":20,"column":102}},"line":20},"2":{"name":"(anonymous_2)","decl":{"start":{"line":22,"column":12},"end":{"line":22,"column":13}},"loc":{"start":{"line":22,"column":18},"end":{"line":30,"column":3}},"line":22},"3":{"name":"(anonymous_3)","decl":{"start":{"line":23,"column":24},"end":{"line":23,"column":25}},"loc":{"start":{"line":23,"column":50},"end":{"line":26,"column":5}},"line":23}},"branchMap":{"0":{"loc":{"start":{"line":28,"column":4},"end":{"line":28,"column":57}},"type":"if","locations":[{"start":{"line":28,"column":4},"end":{"line":28,"column":57}},{"start":{},"end":{}}],"line":28}},"s":{"0":0,"1":0,"2":0,"3":0,"4":0,"5":0,"6":0,"7":0,"8":0,"9":0,"10":0,"11":0,"12":0},"f":{"0":0,"1":0,"2":0,"3":0},"b":{"0":[0,0]}}
,"D:\\work_REACT\\movie-database\\src\\components\\movie-search\\SearchBar.tsx": {"path":"D:\\work_REACT\\movie-database\\src\\components\\movie-search\\SearchBar.tsx","statementMap":{"0":{"start":{"line":19,"column":28},"end":{"line":109,"column":1}},"1":{"start":{"line":20,"column":19},"end":{"line":20,"column":32}},"2":{"start":{"line":21,"column":16},"end":{"line":21,"column":26}},"3":{"start":{"line":22,"column":25},"end":{"line":22,"column":55}},"4":{"start":{"line":25,"column":21},"end":{"line":25,"column":95}},"5":{"start":{"line":25,"column":72},"end":{"line":25,"column":94}},"6":{"start":{"line":30,"column":22},"end":{"line":36,"column":3}},"7":{"start":{"line":31,"column":4},"end":{"line":31,"column":31}},"8":{"start":{"line":32,"column":4},"end":{"line":32,"column":33}},"9":{"start":{"line":33,"column":4},"end":{"line":33,"column":31}},"10":{"start":{"line":34,"column":4},"end":{"line":34,"column":33}},"11":{"start":{"line":35,"column":4},"end":{"line":35,"column":35}},"12":{"start":{"line":41,"column":23},"end":{"line":54,"column":3}},"13":{"start":{"line":42,"column":4},"end":{"line":53,"column":5}},"14":{"start":{"line":43,"column":6},"end":{"line":52,"column":7}},"15":{"start":{"line":45,"column":8},"end":{"line":45,"column":68}},"16":{"start":{"line":46,"column":8},"end":{"line":46,"column":37}},"17":{"start":{"line":47,"column":8},"end":{"line":47,"column":38}},"18":{"start":{"line":50,"column":8},"end":{"line":50,"column":39}},"19":{"start":{"line":51,"column":8},"end":{"line":51,"column":22}},"20":{"start":{"line":59,"column":23},"end":{"line":64,"column":3}},"21":{"start":{"line":60,"column":4},"end":{"line":62,"column":5}},"22":{"start":{"line":61,"column":6},"end":{"line":61,"column":40}},"23":{"start":{"line":63,"column":4},"end":{"line":63,"column":18}},"24":{"start":{"line":69,"column":22},"end":{"line":94,"column":3}},"25":{"start":{"line":70,"column":34},"end":{"line":70,"column":54}},"26":{"start":{"line":71,"column":4},"end":{"line":93,"column":6}},"27":{"start":{"line":73,"column":23},"end":{"line":73,"column":52}},"28":{"start":{"line":89,"column":8},"end":{"line":91,"column":9}},"29":{"start":{"line":90,"column":10},"end":{"line":90,"column":24}},"30":{"start":{"line":96,"column":2},"end":{"line":108,"column":3}}},"fnMap":{"0":{"name":"(anonymous_0)","decl":{"start":{"line":19,"column":28},"end":{"line":19,"column":29}},"loc":{"start":{"line":19,"column":34},"end":{"line":109,"column":1}},"line":19},"1":{"name":"(anonymous_1)","decl":{"start":{"line":25,"column":61},"end":{"line":25,"column":62}},"loc":{"start":{"line":25,"column":72},"end":{"line":25,"column":94}},"line":25},"2":{"name":"(anonymous_2)","decl":{"start":{"line":30,"column":22},"end":{"line":30,"column":23}},"loc":{"start":{"line":30,"column":28},"end":{"line":36,"column":3}},"line":30},"3":{"name":"(anonymous_3)","decl":{"start":{"line":41,"column":23},"end":{"line":41,"column":24}},"loc":{"start":{"line":41,"column":29},"end":{"line":54,"column":3}},"line":41},"4":{"name":"(anonymous_4)","decl":{"start":{"line":59,"column":23},"end":{"line":59,"column":24}},"loc":{"start":{"line":59,"column":29},"end":{"line":64,"column":3}},"line":59},"5":{"name":"(anonymous_5)","decl":{"start":{"line":69,"column":22},"end":{"line":69,"column":23}},"loc":{"start":{"line":69,"column":28},"end":{"line":94,"column":3}},"line":69},"6":{"name":"(anonymous_6)","decl":{"start":{"line":73,"column":16},"end":{"line":73,"column":17}},"loc":{"start":{"line":73,"column":23},"end":{"line":73,"column":52}},"line":73},"7":{"name":"(anonymous_7)","decl":{"start":{"line":88,"column":18},"end":{"line":88,"column":19}},"loc":{"start":{"line":88,"column":25},"end":{"line":92,"column":7}},"line":88}},"branchMap":{"0":{"loc":{"start":{"line":42,"column":4},"end":{"line":53,"column":5}},"type":"if","locations":[{"start":{"line":42,"column":4},"end":{"line":53,"column":5}},{"start":{},"end":{}}],"line":42},"1":{"loc":{"start":{"line":43,"column":6},"end":{"line":52,"column":7}},"type":"if","locations":[{"start":{"line":43,"column":6},"end":{"line":52,"column":7}},{"start":{"line":48,"column":13},"end":{"line":52,"column":7}}],"line":43},"2":{"loc":{"start":{"line":60,"column":4},"end":{"line":62,"column":5}},"type":"if","locations":[{"start":{"line":60,"column":4},"end":{"line":62,"column":5}},{"start":{},"end":{}}],"line":60},"3":{"loc":{"start":{"line":89,"column":8},"end":{"line":91,"column":9}},"type":"if","locations":[{"start":{"line":89,"column":8},"end":{"line":91,"column":9}},{"start":{},"end":{}}],"line":89}},"s":{"0":1,"1":2,"2":2,"3":2,"4":2,"5":2,"6":2,"7":0,"8":0,"9":0,"10":0,"11":0,"12":2,"13":0,"14":0,"15":0,"16":0,"17":0,"18":0,"19":0,"20":2,"21":0,"22":0,"23":0,"24":2,"25":2,"26":2,"27":0,"28":0,"29":0,"30":2},"f":{"0":2,"1":2,"2":0,"3":0,"4":0,"5":2,"6":0,"7":0},"b":{"0":[0,0],"1":[0,0],"2":[0,0],"3":[0,0]},"_coverageSchema":"1a1c01bbd47fc00a2c39e90264f33305004495a9","hash":"ab3235cdcda6d8e760660a65109dbaa6160b4c6a"}
,"D:\\work_REACT\\movie-database\\src\\components\\movie-search\\SearchResults.tsx": {"path":"D:\\work_REACT\\movie-database\\src\\components\\movie-search\\SearchResults.tsx","statementMap":{"0":{"start":{"line":21,"column":32},"end":{"line":79,"column":1}},"1":{"start":{"line":22,"column":19},"end":{"line":22,"column":32}},"2":{"start":{"line":23,"column":16},"end":{"line":23,"column":26}},"3":{"start":{"line":25,"column":21},"end":{"line":25,"column":95}},"4":{"start":{"line":25,"column":72},"end":{"line":25,"column":94}},"5":{"start":{"line":26,"column":16},"end":{"line":26,"column":91}},"6":{"start":{"line":26,"column":67},"end":{"line":26,"column":90}},"7":{"start":{"line":27,"column":23},"end":{"line":27,"column":104}},"8":{"start":{"line":27,"column":79},"end":{"line":27,"column":103}},"9":{"start":{"line":28,"column":21},"end":{"line":28,"column":95}},"10":{"start":{"line":28,"column":72},"end":{"line":28,"column":94}},"11":{"start":{"line":31,"column":22},"end":{"line":31,"column":96}},"12":{"start":{"line":31,"column":74},"end":{"line":31,"column":95}},"13":{"start":{"line":33,"column":16},"end":{"line":33,"column":71}},"14":{"start":{"line":35,"column":25},"end":{"line":38,"column":3}},"15":{"start":{"line":36,"column":4},"end":{"line":36,"column":34}},"16":{"start":{"line":37,"column":4},"end":{"line":37,"column":46}},"17":{"start":{"line":43,"column":19},"end":{"line":60,"column":3}},"18":{"start":{"line":44,"column":4},"end":{"line":44,"column":50}},"19":{"start":{"line":44,"column":38},"end":{"line":44,"column":50}},"20":{"start":{"line":46,"column":21},"end":{"line":46,"column":89}},"21":{"start":{"line":48,"column":4},"end":{"line":59,"column":5}},"22":{"start":{"line":62,"column":2},"end":{"line":78,"column":3}}},"fnMap":{"0":{"name":"(anonymous_0)","decl":{"start":{"line":21,"column":32},"end":{"line":21,"column":33}},"loc":{"start":{"line":21,"column":38},"end":{"line":79,"column":1}},"line":21},"1":{"name":"(anonymous_1)","decl":{"start":{"line":25,"column":61},"end":{"line":25,"column":62}},"loc":{"start":{"line":25,"column":72},"end":{"line":25,"column":94}},"line":25},"2":{"name":"(anonymous_2)","decl":{"start":{"line":26,"column":56},"end":{"line":26,"column":57}},"loc":{"start":{"line":26,"column":67},"end":{"line":26,"column":90}},"line":26},"3":{"name":"(anonymous_3)","decl":{"start":{"line":27,"column":68},"end":{"line":27,"column":69}},"loc":{"start":{"line":27,"column":79},"end":{"line":27,"column":103}},"line":27},"4":{"name":"(anonymous_4)","decl":{"start":{"line":28,"column":61},"end":{"line":28,"column":62}},"loc":{"start":{"line":28,"column":72},"end":{"line":28,"column":94}},"line":28},"5":{"name":"(anonymous_5)","decl":{"start":{"line":31,"column":63},"end":{"line":31,"column":64}},"loc":{"start":{"line":31,"column":74},"end":{"line":31,"column":95}},"line":31},"6":{"name":"(anonymous_6)","decl":{"start":{"line":35,"column":25},"end":{"line":35,"column":26}},"loc":{"start":{"line":35,"column":31},"end":{"line":38,"column":3}},"line":35},"7":{"name":"(anonymous_7)","decl":{"start":{"line":43,"column":19},"end":{"line":43,"column":20}},"loc":{"start":{"line":43,"column":25},"end":{"line":60,"column":3}},"line":43}},"branchMap":{"0":{"loc":{"start":{"line":44,"column":4},"end":{"line":44,"column":50}},"type":"if","locations":[{"start":{"line":44,"column":4},"end":{"line":44,"column":50}},{"start":{},"end":{}}],"line":44},"1":{"loc":{"start":{"line":46,"column":21},"end":{"line":46,"column":89}},"type":"cond-expr","locations":[{"start":{"line":46,"column":57},"end":{"line":46,"column":59}},{"start":{"line":46,"column":62},"end":{"line":46,"column":89}}],"line":46},"2":{"loc":{"start":{"line":65,"column":7},"end":{"line":65,"column":107}},"type":"binary-expr","locations":[{"start":{"line":65,"column":8},"end":{"line":65,"column":23}},{"start":{"line":65,"column":27},"end":{"line":65,"column":52}},{"start":{"line":65,"column":57},"end":{"line":65,"column":107}}],"line":65},"3":{"loc":{"start":{"line":67,"column":7},"end":{"line":75,"column":14}},"type":"binary-expr","locations":[{"start":{"line":67,"column":7},"end":{"line":67,"column":30}},{"start":{"line":68,"column":8},"end":{"line":75,"column":14}}],"line":67}},"s":{"0":0,"1":0,"2":0,"3":0,"4":0,"5":0,"6":0,"7":0,"8":0,"9":0,"10":0,"11":0,"12":0,"13":0,"14":0,"15":0,"16":0,"17":0,"18":0,"19":0,"20":0,"21":0,"22":0},"f":{"0":0,"1":0,"2":0,"3":0,"4":0,"5":0,"6":0,"7":0},"b":{"0":[0,0],"1":[0,0],"2":[0,0,0],"3":[0,0]}}
,"D:\\work_REACT\\movie-database\\src\\store\\store.tsx": {"path":"D:\\work_REACT\\movie-database\\src\\store\\store.tsx","statementMap":{"0":{"start":{"line":6,"column":20},"end":{"line":12,"column":2}},"1":{"start":{"line":14,"column":26},"end":{"line":27,"column":1}},"2":{"start":{"line":15,"column":2},"end":{"line":26,"column":4}},"3":{"start":{"line":20,"column":6},"end":{"line":24,"column":8}},"4":{"start":{"line":29,"column":21},"end":{"line":29,"column":33}},"5":{"start":{"line":30,"column":25},"end":{"line":30,"column":44}}},"fnMap":{"0":{"name":"(anonymous_0)","decl":{"start":{"line":14,"column":26},"end":{"line":14,"column":27}},"loc":{"start":{"line":14,"column":80},"end":{"line":27,"column":1}},"line":14},"1":{"name":"(anonymous_1)","decl":{"start":{"line":19,"column":16},"end":{"line":19,"column":17}},"loc":{"start":{"line":20,"column":6},"end":{"line":24,"column":8}},"line":20}},"branchMap":{},"s":{"0":2,"1":2,"2":6,"3":6,"4":2,"5":2},"f":{"0":6,"1":6},"b":{},"_coverageSchema":"1a1c01bbd47fc00a2c39e90264f33305004495a9","hash":"3baa87fc61b71f04048916dcd1ca5f3833489369"}
}
